<?xml version="1.0" encoding="UTF-8"?>
<testsuite xmlns:xsi="http://www.w3.org/2001/XMLSchema-instance" xsi:noNamespaceSchemaLocation="https://maven.apache.org/surefire/maven-surefire-plugin/xsd/surefire-test-report.xsd" name="MyTest" time="0.061" tests="2" errors="0" skipped="0" failures="0">
  <properties>
    <property name="sun.desktop" value="windows"/>
    <property name="awt.toolkit" value="sun.awt.windows.WToolkit"/>
    <property name="file.encoding.pkg" value="sun.io"/>
    <property name="java.specification.version" value="1.8"/>
    <property name="sun.cpu.isalist" value="amd64"/>
    <property name="sun.jnu.encoding" value="GBK"/>
    <property name="java.class.path" value="C:\Users\Mizar\CS\Java\java projects\java-2019-homeworks\Final\徐婷-171860025\target\test-classes;C:\Users\Mizar\CS\Java\java projects\java-2019-homeworks\Final\徐婷-171860025\target\classes;C:\Users\Mizar\.m2\repository\junit\junit\4.12\junit-4.12.jar;C:\Users\Mizar\.m2\repository\org\hamcrest\hamcrest-core\1.3\hamcrest-core-1.3.jar;"/>
    <property name="java.vm.vendor" value="Oracle Corporation"/>
    <property name="sun.arch.data.model" value="64"/>
    <property name="user.variant" value=""/>
    <property name="java.vendor.url" value="http://java.oracle.com/"/>
    <property name="user.timezone" value="Asia/Shanghai"/>
    <property name="java.vm.specification.version" value="1.8"/>
    <property name="os.name" value="Windows 10"/>
    <property name="user.country" value="CN"/>
    <property name="sun.java.launcher" value="SUN_STANDARD"/>
    <property name="sun.boot.library.path" value="C:\Program Files\Java\jdk1.8.0_221\jre\bin"/>
    <property name="sun.java.command" value="C:\Users\Mizar\AppData\Local\Temp\surefire7718879215653863780\surefirebooter2574754111384227614.jar C:\Users\Mizar\AppData\Local\Temp\surefire7718879215653863780 2019-12-31T13-39-50_163-jvmRun1 surefire3764538046537675628tmp surefire_09190894581946331177tmp"/>
    <property name="surefire.test.class.path" value="C:\Users\Mizar\CS\Java\java projects\java-2019-homeworks\Final\徐婷-171860025\target\test-classes;C:\Users\Mizar\CS\Java\java projects\java-2019-homeworks\Final\徐婷-171860025\target\classes;C:\Users\Mizar\.m2\repository\junit\junit\4.12\junit-4.12.jar;C:\Users\Mizar\.m2\repository\org\hamcrest\hamcrest-core\1.3\hamcrest-core-1.3.jar;"/>
    <property name="sun.cpu.endian" value="little"/>
    <property name="user.home" value="C:\Users\Mizar"/>
    <property name="user.language" value="zh"/>
    <property name="java.specification.vendor" value="Oracle Corporation"/>
    <property name="idea.version2019.2.2" value="true"/>
    <property name="java.home" value="C:\Program Files\Java\jdk1.8.0_221\jre"/>
    <property name="basedir" value="C:\Users\Mizar\CS\Java\java projects\java-2019-homeworks\Final\徐婷-171860025"/>
    <property name="file.separator" value="\"/>
    <property name="line.separator" value="&#10;"/>
    <property name="java.vm.specification.vendor" value="Oracle Corporation"/>
    <property name="java.specification.name" value="Java Platform API Specification"/>
    <property name="java.awt.graphicsenv" value="sun.awt.Win32GraphicsEnvironment"/>
    <property name="surefire.real.class.path" value="C:\Users\Mizar\AppData\Local\Temp\surefire7718879215653863780\surefirebooter2574754111384227614.jar"/>
    <property name="sun.boot.class.path" value="C:\Program Files\Java\jdk1.8.0_221\jre\lib\resources.jar;C:\Program Files\Java\jdk1.8.0_221\jre\lib\rt.jar;C:\Program Files\Java\jdk1.8.0_221\jre\lib\sunrsasign.jar;C:\Program Files\Java\jdk1.8.0_221\jre\lib\jsse.jar;C:\Program Files\Java\jdk1.8.0_221\jre\lib\jce.jar;C:\Program Files\Java\jdk1.8.0_221\jre\lib\charsets.jar;C:\Program Files\Java\jdk1.8.0_221\jre\lib\jfr.jar;C:\Program Files\Java\jdk1.8.0_221\jre\classes"/>
    <property name="user.script" value=""/>
    <property name="sun.management.compiler" value="HotSpot 64-Bit Tiered Compilers"/>
    <property name="java.runtime.version" value="1.8.0_221-b11"/>
    <property name="user.name" value="Mizar"/>
    <property name="path.separator" value=";"/>
    <property name="os.version" value="10.0"/>
    <property name="java.endorsed.dirs" value="C:\Program Files\Java\jdk1.8.0_221\jre\lib\endorsed"/>
    <property name="java.runtime.name" value="Java(TM) SE Runtime Environment"/>
    <property name="file.encoding" value="GBK"/>
    <property name="java.vm.name" value="Java HotSpot(TM) 64-Bit Server VM"/>
    <property name="localRepository" value="C:\Users\Mizar\.m2\repository"/>
    <property name="java.vendor.url.bug" value="http://bugreport.sun.com/bugreport/"/>
    <property name="java.io.tmpdir" value="C:\Users\Mizar\AppData\Local\Temp\"/>
    <property name="java.version" value="1.8.0_221"/>
    <property name="user.dir" value="C:\Users\Mizar\CS\Java\java projects\java-2019-homeworks\Final\徐婷-171860025"/>
    <property name="os.arch" value="amd64"/>
    <property name="java.vm.specification.name" value="Java Virtual Machine Specification"/>
    <property name="java.awt.printerjob" value="sun.awt.windows.WPrinterJob"/>
    <property name="sun.os.patch.level" value=""/>
    <property name="java.library.path" value="C:\Program Files\Java\jdk1.8.0_221\jre\bin;C:\WINDOWS\Sun\Java\bin;C:\WINDOWS\system32;C:\WINDOWS;C:\Program Files (x86)\NetSarang\Xshell 6\;C:\Program Files\Java\jdk1.8.0_221\jre\bin;C:\Program Files\Java\jdk1.8.0_221\bin;C:\Program Files (x86)\Common Files\Oracle\Java\javapath;C:\Windows\System32;C:Users\Mizar\AppData\Local\Microsoft\WindowsApps;C:\Users\Mizar\AppData\Local\Android\Sdk\platform-tools;C:\Users\Mizar\AppData\Local\Android\Sdk\tools;C:\Users\Mizar\AppData\Local\Android\Sdk\tools\bin;C:\Program Files\Git\cmd;C:\Program Files\MATLAB\R2019a\runtime\win64;C:\Program Files\MATLAB\R2019a\bin;C:\Program Files (x86)\Intel\Intel(R) Management Engine Components\DAL;C:\Program Files\Intel\Intel(R) Management Engine Components\DAL;C:\LINGO64_18\;C:\Program Files (x86)\Prince\engine\bin;C:\WINDOWS\system32;C:\WINDOWS;C:\WINDOWS\System32\Wbem;C:\WINDOWS\System32\WindowsPowerShell\v1.0\;C:\WINDOWS\System32\OpenSSH\;C:\Users\Mizar\MyDownload\graphviz-2.38\release\bin\;C:\Program Files\MySQL\MySQL Shell 8.0\bin\;C:\Users\Mizar\AppData\Local\Programs\Python\Python37-32\Scripts\;C:\Users\Mizar\AppData\Local\Programs\Python\Python37-32\;C:\Users\Mizar\Anaconda3;C:\Users\Mizar\Anaconda3\Library\mingw-w64\bin;C:\Users\Mizar\Anaconda3\Library\usr\bin;C:\Users\Mizar\Anaconda3\Library\bin;C:\Users\Mizar\Anaconda3\Scripts;C:\Users\Mizar\AppData\Local\Microsoft\WindowsApps;C:\Program Files\JetBrains\PyCharm 2018.3.5\bin;C:\Program Files\JetBrains\PyCharm Community Edition 2019.1.3\bin;C:\Program Files\JetBrains\IntelliJ IDEA Community Edition 2018.3.5\bin;C:\Users\Mizar\AppData\Local\Programs\MiKTeX 2.9\miktex\bin\x64\;C:\Users\Mizar\AppData\Local\atom\bin;C:\Users\Mizar\AppData\Local\Programs\Microsoft VS Code\bin;C:\Users\Mizar\AppData\Local\Pandoc\;C:\Users\Mizar\AppData\Local\Microsoft\WindowsApps;C:\Program Files\JetBrains\IntelliJ IDEA Community Edition 2019.2.2\bin;;C:\Program Files\JetBrains\PyCharm 2019.2.5\bin;;C:\Program Files\SciTools\bin\pc-win64;."/>
    <property name="java.vm.info" value="mixed mode"/>
    <property name="java.vendor" value="Oracle Corporation"/>
    <property name="java.vm.version" value="25.221-b11"/>
    <property name="java.ext.dirs" value="C:\Program Files\Java\jdk1.8.0_221\jre\lib\ext;C:\WINDOWS\Sun\Java\lib\ext"/>
    <property name="sun.io.unicode.encoding" value="UnicodeLittle"/>
    <property name="java.class.version" value="52.0"/>
  </properties>
  <testcase name="testCell" classname="MyTest" time="0.004"/>
  <testcase name="testGround" classname="MyTest" time="0"/>
</testsuite>